<?xml version="1.0" encoding="UTF-8"?>
<Site BuildName="Win32-MSBuild"
	BuildStamp="20240925-0853-Experimental"
	Name="JC"
	Generator="ctest-3.30.3"
	CompilerName="C:/Program Files (x86)/Microsoft Visual Studio/2019/BuildTools/VC/Tools/MSVC/14.29.30133/bin/Hostx64/x64/cl.exe"
	CompilerVersion="19.29.30152.0"
	OSName="Windows"
	Hostname="JC"
	OSRelease=" Personal"
	OSVersion=" (Build 22631)"
	OSPlatform="AMD64"
	Is64Bits="1"
	VendorString="GenuineIntel"
	VendorID="Intel Corporation"
	FamilyID="6"
	ModelID="10"
	ProcessorCacheSize="-1"
	NumberOfLogicalCPU="16"
	NumberOfPhysicalCPU="12"
	TotalVirtualMemory="19053"
	TotalPhysicalMemory="16109"
	LogicalProcessorsPerPhysical="1"
	ProcessorClockFrequency="3110"
	>
	<Testing>
		<StartDateTime>Sep 25 16:53 Malay Peninsula Standard Time</StartDateTime>
		<StartTestTime>1727254389</StartTestTime>
		<TestList/>
		<EndDateTime>Sep 25 16:53 Malay Peninsula Standard Time</EndDateTime>
		<EndTestTime>1727254389</EndTestTime>
		<ElapsedMinutes>0</ElapsedMinutes>
	</Testing>
</Site>
